\BOOKMARK [0][-]{chapter.1}{SmartRoot Installation}{}% 1
\BOOKMARK [1][-]{section.1.1}{First steps}{chapter.1}% 2
\BOOKMARK [1][-]{section.1.2}{Windows installation}{chapter.1}% 3
\BOOKMARK [1][-]{section.1.3}{Mac OSX installation}{chapter.1}% 4
\BOOKMARK [1][-]{section.1.4}{Linux installation}{chapter.1}% 5
\BOOKMARK [0][-]{chapter.2}{Introducing SmartRoot}{}% 6
\BOOKMARK [1][-]{section.2.1}{SmartRoot versus other root image analysis software}{chapter.2}% 7
\BOOKMARK [1][-]{section.2.2}{The windows of the ImageJ / SmartRoot user interface}{chapter.2}% 8
\BOOKMARK [0][-]{chapter.3}{Using SmartRoot}{}% 9
\BOOKMARK [1][-]{section.3.1}{Quick start tutorial}{chapter.3}% 10
\BOOKMARK [1][-]{section.3.2}{Opening images}{chapter.3}% 11
\BOOKMARK [1][-]{section.3.3}{Preparing images}{chapter.3}% 12
\BOOKMARK [0][-]{chapter.4}{SmartRoot tools}{}% 13
\BOOKMARK [1][-]{section.4.1}{Overview of SmartRoot Tools}{chapter.4}% 14
\BOOKMARK [1][-]{section.4.2}{The Trace tool}{chapter.4}% 15
\BOOKMARK [1][-]{section.4.3}{The Mark tool}{chapter.4}% 16
\BOOKMARK [1][-]{section.4.4}{The Registration Anchor tool}{chapter.4}% 17
\BOOKMARK [0][-]{chapter.5}{SmartRoot window tabs}{}% 18
\BOOKMARK [1][-]{section.5.1}{Layers }{chapter.5}% 19
\BOOKMARK [1][-]{section.5.2}{Root list}{chapter.5}% 20
\BOOKMARK [1][-]{section.5.3}{Linked files}{chapter.5}% 21
\BOOKMARK [1][-]{section.5.4}{Data transfer}{chapter.5}% 22
\BOOKMARK [1][-]{section.5.5}{Plot}{chapter.5}% 23
\BOOKMARK [1][-]{section.5.6}{Settings}{chapter.5}% 24
\BOOKMARK [0][-]{chapter.6}{Miscellaneous informations}{}% 25
\BOOKMARK [1][-]{section.6.1}{Root growth measurement in rhizotrons}{chapter.6}% 26
\BOOKMARK [1][-]{section.6.2}{About the SmartRoot datafile}{chapter.6}% 27
\BOOKMARK [1][-]{section.6.3}{Using ImageJ functions and plugins in SmartRoot windows}{chapter.6}% 28
\BOOKMARK [1][-]{section.6.4}{Disclaimer}{chapter.6}% 29
\BOOKMARK [0][-]{chapter.7}{Troubleshooting}{}% 30
